<?xml version="1.0" encoding="UTF-8"?>
<robot generator="Robot 6.1.1 (Python 3.9.13 on win32)" generated="20231204 20:45:37.726" rpa="false" schemaversion="4">
<suite id="s1" name="Login" source="D:\TRUSTMEDIS\TRAINING\SANBERCODE\sanbercode51-qa-kelompok_3-quiz_4\suites\login.robot">
<test id="s1-t1" name="Login Valid Credential" line="15">
<kw name="Open Flight Application" library="base" type="SETUP">
<kw name="Open Application" library="AppiumLibrary">
<arg>remote_url=${REMOTE_URL}</arg>
<arg>platformName=${PLATFORM_NAME}</arg>
<arg>platformVersion=${PLATFORM_VERSION}</arg>
<arg>deviceName=${DEVICE_NAME}</arg>
<arg>appPackage=${APP_PACKAGE}</arg>
<arg>appActivity=${APP_ACTIVITY}</arg>
<doc>Opens a new application to given Appium server.
Capabilities of appium server, Android and iOS,
Please check https://github.com/appium/appium/blob/master/docs/en/writing-running-appium/server-args.md
| *Option*            | *Man.* | *Description*     |
| remote_url          | Yes    | Appium server url |
| alias               | no     | alias             |
| strict_ssl          | No     | allows you to send commands to an invalid certificate host like a self-signed one. |</doc>
<status status="PASS" starttime="20231204 20:45:37.884" endtime="20231204 20:45:49.082"/>
</kw>
<status status="PASS" starttime="20231204 20:45:37.884" endtime="20231204 20:45:49.083"/>
</kw>
<kw name="Click Sign In Button On Home Page" library="homePage">
<kw name="Click Element" library="AppiumLibrary">
<arg>${sign-in-button-home}</arg>
<doc>Click element identified by `locator`.</doc>
<msg timestamp="20231204 20:45:49.085" level="INFO">Clicking element '//*[@resource-id="com.example.myapplication:id/login"]'.</msg>
<msg timestamp="20231204 20:45:50.164" level="INFO">xpath criteria: //*[@resource-id="com.example.myapplication:id/login"]</msg>
<status status="PASS" starttime="20231204 20:45:49.083" endtime="20231204 20:45:50.164"/>
</kw>
<status status="PASS" starttime="20231204 20:45:49.083" endtime="20231204 20:45:50.164"/>
</kw>
<kw name="Input Username on Login Page" library="loginPage">
<arg>${VALID_USERNAME}</arg>
<kw name="Wait Until Element Is Visible" library="AppiumLibrary">
<arg>${username-input}</arg>
<doc>Waits until element specified with `locator` is visible.</doc>
<msg timestamp="20231204 20:45:51.392" level="INFO">xpath criteria: //*[@resource-id="com.example.myapplication:id/username"]
xpath criteria: //*[@resource-id="com.example.myapplication:id/username"]</msg>
<status status="PASS" starttime="20231204 20:45:50.164" endtime="20231204 20:45:51.392"/>
</kw>
<kw name="Input Text" library="AppiumLibrary">
<arg>${username-input}</arg>
<arg>${username}</arg>
<doc>Types the given `text` into text field identified by `locator`.</doc>
<msg timestamp="20231204 20:45:51.394" level="INFO">Typing text 'support@ngendigital.com' into text field '//*[@resource-id="com.example.myapplication:id/username"]'</msg>
<msg timestamp="20231204 20:45:51.664" level="INFO">xpath criteria: //*[@resource-id="com.example.myapplication:id/username"]</msg>
<status status="PASS" starttime="20231204 20:45:51.392" endtime="20231204 20:45:51.664"/>
</kw>
<status status="PASS" starttime="20231204 20:45:50.164" endtime="20231204 20:45:51.664"/>
</kw>
<kw name="Input Password on Login Page" library="loginPage">
<arg>${VALID_PASSWORD}</arg>
<kw name="Wait Until Element Is Visible" library="AppiumLibrary">
<arg>${password-input}</arg>
<doc>Waits until element specified with `locator` is visible.</doc>
<msg timestamp="20231204 20:45:52.357" level="INFO">xpath criteria: //*[@resource-id="com.example.myapplication:id/password"]</msg>
<status status="PASS" starttime="20231204 20:45:51.665" endtime="20231204 20:45:52.358"/>
</kw>
<kw name="Input Text" library="AppiumLibrary">
<arg>${password-input}</arg>
<arg>${password}</arg>
<doc>Types the given `text` into text field identified by `locator`.</doc>
<msg timestamp="20231204 20:45:52.359" level="INFO">Typing text 'abc123' into text field '//*[@resource-id="com.example.myapplication:id/password"]'</msg>
<msg timestamp="20231204 20:45:52.589" level="INFO">xpath criteria: //*[@resource-id="com.example.myapplication:id/password"]</msg>
<status status="PASS" starttime="20231204 20:45:52.358" endtime="20231204 20:45:52.589"/>
</kw>
<status status="PASS" starttime="20231204 20:45:51.665" endtime="20231204 20:45:52.589"/>
</kw>
<kw name="Click Sign In Button on Login Page" library="loginPage">
<kw name="Click Element" library="AppiumLibrary">
<arg>${sign-in-button-login}</arg>
<doc>Click element identified by `locator`.</doc>
<msg timestamp="20231204 20:45:52.591" level="INFO">Clicking element '//*[@resource-id="com.example.myapplication:id/signIn"]'.</msg>
<msg timestamp="20231204 20:45:54.197" level="INFO">xpath criteria: //*[@resource-id="com.example.myapplication:id/signIn"]</msg>
<status status="PASS" starttime="20231204 20:45:52.589" endtime="20231204 20:45:54.197"/>
</kw>
<status status="PASS" starttime="20231204 20:45:52.589" endtime="20231204 20:45:54.197"/>
</kw>
<kw name="Close Flight Application" library="base" type="TEARDOWN">
<kw name="Close Application" library="AppiumLibrary">
<doc>Closes the current application and also close webdriver session.</doc>
<status status="PASS" starttime="20231204 20:45:54.199" endtime="20231204 20:45:54.667"/>
</kw>
<status status="PASS" starttime="20231204 20:45:54.198" endtime="20231204 20:45:54.667"/>
</kw>
<status status="PASS" starttime="20231204 20:45:37.883" endtime="20231204 20:45:54.667"/>
</test>
<test id="s1-t2" name="Login Invalid Credential" line="21">
<kw name="Open Flight Application" library="base" type="SETUP">
<kw name="Open Application" library="AppiumLibrary">
<arg>remote_url=${REMOTE_URL}</arg>
<arg>platformName=${PLATFORM_NAME}</arg>
<arg>platformVersion=${PLATFORM_VERSION}</arg>
<arg>deviceName=${DEVICE_NAME}</arg>
<arg>appPackage=${APP_PACKAGE}</arg>
<arg>appActivity=${APP_ACTIVITY}</arg>
<doc>Opens a new application to given Appium server.
Capabilities of appium server, Android and iOS,
Please check https://github.com/appium/appium/blob/master/docs/en/writing-running-appium/server-args.md
| *Option*            | *Man.* | *Description*     |
| remote_url          | Yes    | Appium server url |
| alias               | no     | alias             |
| strict_ssl          | No     | allows you to send commands to an invalid certificate host like a self-signed one. |</doc>
<status status="PASS" starttime="20231204 20:45:54.669" endtime="20231204 20:46:03.986"/>
</kw>
<status status="PASS" starttime="20231204 20:45:54.669" endtime="20231204 20:46:03.986"/>
</kw>
<kw name="Click Sign In Button On Home Page" library="homePage">
<kw name="Click Element" library="AppiumLibrary">
<arg>${sign-in-button-home}</arg>
<doc>Click element identified by `locator`.</doc>
<msg timestamp="20231204 20:46:03.988" level="INFO">Clicking element '//*[@resource-id="com.example.myapplication:id/login"]'.</msg>
<msg timestamp="20231204 20:46:06.381" level="INFO">xpath criteria: //*[@resource-id="com.example.myapplication:id/login"]</msg>
<status status="PASS" starttime="20231204 20:46:03.986" endtime="20231204 20:46:06.381"/>
</kw>
<status status="PASS" starttime="20231204 20:46:03.986" endtime="20231204 20:46:06.382"/>
</kw>
<kw name="Input Username on Login Page" library="loginPage">
<arg>${INVALID_USERNAME}</arg>
<kw name="Wait Until Element Is Visible" library="AppiumLibrary">
<arg>${username-input}</arg>
<doc>Waits until element specified with `locator` is visible.</doc>
<msg timestamp="20231204 20:46:07.364" level="INFO">xpath criteria: //*[@resource-id="com.example.myapplication:id/username"]
xpath criteria: //*[@resource-id="com.example.myapplication:id/username"]</msg>
<status status="PASS" starttime="20231204 20:46:06.383" endtime="20231204 20:46:07.364"/>
</kw>
<kw name="Input Text" library="AppiumLibrary">
<arg>${username-input}</arg>
<arg>${username}</arg>
<doc>Types the given `text` into text field identified by `locator`.</doc>
<msg timestamp="20231204 20:46:07.365" level="INFO">Typing text 'invalid' into text field '//*[@resource-id="com.example.myapplication:id/username"]'</msg>
<msg timestamp="20231204 20:46:07.700" level="INFO">xpath criteria: //*[@resource-id="com.example.myapplication:id/username"]</msg>
<status status="PASS" starttime="20231204 20:46:07.364" endtime="20231204 20:46:07.700"/>
</kw>
<status status="PASS" starttime="20231204 20:46:06.382" endtime="20231204 20:46:07.700"/>
</kw>
<kw name="Input Password on Login Page" library="loginPage">
<arg>${INVALID_PASSWORD}</arg>
<kw name="Wait Until Element Is Visible" library="AppiumLibrary">
<arg>${password-input}</arg>
<doc>Waits until element specified with `locator` is visible.</doc>
<msg timestamp="20231204 20:46:08.432" level="INFO">xpath criteria: //*[@resource-id="com.example.myapplication:id/password"]</msg>
<status status="PASS" starttime="20231204 20:46:07.701" endtime="20231204 20:46:08.432"/>
</kw>
<kw name="Input Text" library="AppiumLibrary">
<arg>${password-input}</arg>
<arg>${password}</arg>
<doc>Types the given `text` into text field identified by `locator`.</doc>
<msg timestamp="20231204 20:46:08.439" level="INFO">Typing text 'invalid' into text field '//*[@resource-id="com.example.myapplication:id/password"]'</msg>
<msg timestamp="20231204 20:46:08.713" level="INFO">xpath criteria: //*[@resource-id="com.example.myapplication:id/password"]</msg>
<status status="PASS" starttime="20231204 20:46:08.433" endtime="20231204 20:46:08.713"/>
</kw>
<status status="PASS" starttime="20231204 20:46:07.701" endtime="20231204 20:46:08.713"/>
</kw>
<kw name="Click Sign In Button on Login Page" library="loginPage">
<kw name="Click Element" library="AppiumLibrary">
<arg>${sign-in-button-login}</arg>
<doc>Click element identified by `locator`.</doc>
<msg timestamp="20231204 20:46:08.714" level="INFO">Clicking element '//*[@resource-id="com.example.myapplication:id/signIn"]'.</msg>
<msg timestamp="20231204 20:46:10.074" level="INFO">xpath criteria: //*[@resource-id="com.example.myapplication:id/signIn"]</msg>
<status status="PASS" starttime="20231204 20:46:08.713" endtime="20231204 20:46:10.075"/>
</kw>
<status status="PASS" starttime="20231204 20:46:08.713" endtime="20231204 20:46:10.075"/>
</kw>
<kw name="Close Flight Application" library="base" type="TEARDOWN">
<kw name="Close Application" library="AppiumLibrary">
<doc>Closes the current application and also close webdriver session.</doc>
<status status="PASS" starttime="20231204 20:46:10.075" endtime="20231204 20:46:10.724"/>
</kw>
<status status="PASS" starttime="20231204 20:46:10.075" endtime="20231204 20:46:10.724"/>
</kw>
<status status="PASS" starttime="20231204 20:45:54.668" endtime="20231204 20:46:10.725"/>
</test>
<doc>Search Login on sigin</doc>
<status status="PASS" starttime="20231204 20:45:37.727" endtime="20231204 20:46:10.728"/>
</suite>
<statistics>
<total>
<stat pass="2" fail="0" skip="0">All Tests</stat>
</total>
<tag>
</tag>
<suite>
<stat pass="2" fail="0" skip="0" id="s1" name="Login">Login</stat>
</suite>
</statistics>
<errors>
</errors>
</robot>
